{"/Users/makassi/Documents/JS/note-taking-test-app/api-server/app.ts": {"path":"/Users/makassi/Documents/JS/note-taking-test-app/api-server/app.ts","statementMap":{"0":{"start":{"line":1,"column":0},"end":{"line":1,"column":30}},"1":{"start":{"line":2,"column":0},"end":{"line":2,"column":24}},"2":{"start":{"line":3,"column":0},"end":{"line":3,"column":46}},"3":{"start":{"line":4,"column":0},"end":{"line":4,"column":30}},"4":{"start":{"line":6,"column":19},"end":{"line":6,"column":41}},"5":{"start":{"line":8,"column":12},"end":{"line":8,"column":21}},"6":{"start":{"line":9,"column":0},"end":{"line":9,"column":16}},"7":{"start":{"line":10,"column":0},"end":{"line":10,"column":51}},"8":{"start":{"line":11,"column":0},"end":{"line":11,"column":27}},"9":{"start":{"line":13,"column":0},"end":{"line":13,"column":31}},"10":{"start":{"line":15,"column":0},"end":{"line":17,"column":3}},"11":{"start":{"line":16,"column":2},"end":{"line":16,"column":64}},"12":{"start":{"line":20,"column":0},"end":{"line":20,"column":21}}},"fnMap":{"0":{"name":"(anonymous_1)","decl":{"start":{"line":15,"column":24},"end":{"line":15,"column":27}},"loc":{"start":{"line":15,"column":29},"end":{"line":17,"column":1}}}},"branchMap":{},"s":{"0":1,"1":1,"2":1,"3":1,"4":1,"5":1,"6":1,"7":1,"8":1,"9":1,"10":1,"11":1,"12":1},"f":{"0":1},"b":{}}
,"/Users/makassi/Documents/JS/note-taking-test-app/api-server/config.ts": {"path":"/Users/makassi/Documents/JS/note-taking-test-app/api-server/config.ts","statementMap":{"0":{"start":{"line":1,"column":0},"end":{"line":4,"column":4}}},"fnMap":{},"branchMap":{"0":{"loc":{"start":{"line":2,"column":10},"end":{"line":2,"column":34}},"type":"binary-expr","locations":[{"start":{"line":2,"column":10},"end":{"line":2,"column":26}},{"start":{"line":2,"column":30},"end":{"line":2,"column":34}}]},"1":{"loc":{"start":{"line":3,"column":10},"end":{"line":3,"column":41}},"type":"binary-expr","locations":[{"start":{"line":3,"column":10},"end":{"line":3,"column":26}},{"start":{"line":3,"column":30},"end":{"line":3,"column":41}}]}},"s":{"0":1},"f":{},"b":{"0":[1,1],"1":[1,1]}}
,"/Users/makassi/Documents/JS/note-taking-test-app/api-server/db.ts": {"path":"/Users/makassi/Documents/JS/note-taking-test-app/api-server/db.ts","statementMap":{"0":{"start":{"line":12,"column":2},"end":{"line":12,"column":63}},"1":{"start":{"line":12,"column":24},"end":{"line":12,"column":63}},"2":{"start":{"line":12,"column":25},"end":{"line":12,"column":63}},"3":{"start":{"line":14,"column":2},"end":{"line":14,"column":55}},"4":{"start":{"line":14,"column":37},"end":{"line":14,"column":55}},"5":{"start":{"line":14,"column":38},"end":{"line":14,"column":55}},"6":{"start":{"line":16,"column":2},"end":{"line":16,"column":34}},"7":{"start":{"line":16,"column":23},"end":{"line":16,"column":34}},"8":{"start":{"line":16,"column":24},"end":{"line":16,"column":34}},"9":{"start":{"line":18,"column":2},"end":{"line":23,"column":4}},"10":{"start":{"line":18,"column":33},"end":{"line":23,"column":4}},"11":{"start":{"line":19,"column":4},"end":{"line":19,"column":19}},"12":{"start":{"line":20,"column":17},"end":{"line":20,"column":46}},"13":{"start":{"line":21,"column":4},"end":{"line":21,"column":38}},"14":{"start":{"line":22,"column":4},"end":{"line":22,"column":19}},"15":{"start":{"line":25,"column":2},"end":{"line":32,"column":4}},"16":{"start":{"line":25,"column":46},"end":{"line":32,"column":4}},"17":{"start":{"line":26,"column":4},"end":{"line":28,"column":null}},"18":{"start":{"line":27,"column":6},"end":{"line":27,"column":45}},"19":{"start":{"line":29,"column":17},"end":{"line":29,"column":40}},"20":{"start":{"line":30,"column":4},"end":{"line":30,"column":31}},"21":{"start":{"line":31,"column":4},"end":{"line":31,"column":19}},"22":{"start":{"line":34,"column":2},"end":{"line":41,"column":4}},"23":{"start":{"line":34,"column":36},"end":{"line":41,"column":4}},"24":{"start":{"line":35,"column":4},"end":{"line":37,"column":null}},"25":{"start":{"line":36,"column":6},"end":{"line":36,"column":45}},"26":{"start":{"line":38,"column":4},"end":{"line":38,"column":28}},"27":{"start":{"line":39,"column":4},"end":{"line":39,"column":19}},"28":{"start":{"line":40,"column":4},"end":{"line":40,"column":14}},"29":{"start":{"line":8,"column":4},"end":{"line":8,"column":22}},"30":{"start":{"line":9,"column":4},"end":{"line":9,"column":18}},"31":{"start":{"line":3,"column":0},"end":{"line":3,"column":13}}},"fnMap":{"0":{"name":"(anonymous_7)","decl":{"start":{"line":7,"column":2},"end":{"line":7,"column":null}},"loc":{"start":{"line":7,"column":2},"end":{"line":10,"column":3}}},"1":{"name":"(anonymous_8)","decl":{"start":{"line":12,"column":13},"end":{"line":12,"column":22}},"loc":{"start":{"line":12,"column":24},"end":{"line":12,"column":63}}},"2":{"name":"(anonymous_9)","decl":{"start":{"line":12,"column":24},"end":{"line":12,"column":25}},"loc":{"start":{"line":12,"column":24},"end":{"line":12,"column":63}}},"3":{"name":"(anonymous_10)","decl":{"start":{"line":14,"column":16},"end":{"line":14,"column":23}},"loc":{"start":{"line":14,"column":37},"end":{"line":14,"column":55}}},"4":{"name":"(anonymous_11)","decl":{"start":{"line":14,"column":37},"end":{"line":14,"column":38}},"loc":{"start":{"line":14,"column":37},"end":{"line":14,"column":55}}},"5":{"name":"(anonymous_12)","decl":{"start":{"line":16,"column":12},"end":{"line":16,"column":21}},"loc":{"start":{"line":16,"column":23},"end":{"line":16,"column":34}}},"6":{"name":"(anonymous_13)","decl":{"start":{"line":16,"column":23},"end":{"line":16,"column":24}},"loc":{"start":{"line":16,"column":23},"end":{"line":16,"column":34}}},"7":{"name":"(anonymous_14)","decl":{"start":{"line":18,"column":12},"end":{"line":18,"column":19}},"loc":{"start":{"line":18,"column":33},"end":{"line":23,"column":4}}},"8":{"name":"(anonymous_15)","decl":{"start":{"line":18,"column":33},"end":{"line":18,"column":null}},"loc":{"start":{"line":18,"column":33},"end":{"line":23,"column":3}}},"9":{"name":"(anonymous_16)","decl":{"start":{"line":25,"column":13},"end":{"line":25,"column":20}},"loc":{"start":{"line":25,"column":46},"end":{"line":32,"column":4}}},"10":{"name":"(anonymous_17)","decl":{"start":{"line":25,"column":46},"end":{"line":25,"column":null}},"loc":{"start":{"line":25,"column":46},"end":{"line":32,"column":3}}},"11":{"name":"(anonymous_18)","decl":{"start":{"line":34,"column":15},"end":{"line":34,"column":22}},"loc":{"start":{"line":34,"column":36},"end":{"line":41,"column":4}}},"12":{"name":"(anonymous_19)","decl":{"start":{"line":34,"column":36},"end":{"line":34,"column":null}},"loc":{"start":{"line":34,"column":36},"end":{"line":41,"column":3}}}},"branchMap":{"0":{"loc":{"start":{"line":26,"column":4},"end":{"line":28,"column":null}},"type":"if","locations":[{"start":{"line":26,"column":4},"end":{"line":28,"column":null}}]},"1":{"loc":{"start":{"line":26,"column":8},"end":{"line":26,"column":32}},"type":"binary-expr","locations":[{"start":{"line":26,"column":8},"end":{"line":26,"column":11}},{"start":{"line":26,"column":15},"end":{"line":26,"column":32}}]},"2":{"loc":{"start":{"line":35,"column":4},"end":{"line":37,"column":null}},"type":"if","locations":[{"start":{"line":35,"column":4},"end":{"line":37,"column":null}}]},"3":{"loc":{"start":{"line":35,"column":8},"end":{"line":35,"column":32}},"type":"binary-expr","locations":[{"start":{"line":35,"column":8},"end":{"line":35,"column":11}},{"start":{"line":35,"column":15},"end":{"line":35,"column":32}}]}},"s":{"0":8,"1":4,"2":4,"3":8,"4":4,"5":4,"6":8,"7":3,"8":3,"9":8,"10":5,"11":5,"12":5,"13":5,"14":5,"15":8,"16":4,"17":4,"18":2,"19":2,"20":2,"21":2,"22":8,"23":4,"24":4,"25":2,"26":2,"27":2,"28":2,"29":8,"30":8,"31":2},"f":{"0":8,"1":4,"2":4,"3":4,"4":4,"5":3,"6":3,"7":5,"8":5,"9":4,"10":4,"11":4,"12":4},"b":{"0":[2],"1":[4,3],"2":[2],"3":[4,3]}}
,"/Users/makassi/Documents/JS/note-taking-test-app/api-server/controllers/notes.ts": {"path":"/Users/makassi/Documents/JS/note-taking-test-app/api-server/controllers/notes.ts","statementMap":{"0":{"start":{"line":3,"column":0},"end":{"line":3,"column":34}},"1":{"start":{"line":12,"column":9},"end":{"line":19,"column":4}},"2":{"start":{"line":12,"column":91},"end":{"line":19,"column":4}},"3":{"start":{"line":13,"column":4},"end":{"line":18,"column":null}},"4":{"start":{"line":14,"column":24},"end":{"line":14,"column":58}},"5":{"start":{"line":15,"column":6},"end":{"line":15,"column":64}},"6":{"start":{"line":17,"column":6},"end":{"line":17,"column":16}},"7":{"start":{"line":21,"column":9},"end":{"line":28,"column":4}},"8":{"start":{"line":21,"column":89},"end":{"line":28,"column":4}},"9":{"start":{"line":22,"column":4},"end":{"line":27,"column":null}},"10":{"start":{"line":23,"column":28},"end":{"line":23,"column":55}},"11":{"start":{"line":24,"column":6},"end":{"line":24,"column":55}},"12":{"start":{"line":26,"column":6},"end":{"line":26,"column":16}},"13":{"start":{"line":30,"column":9},"end":{"line":34,"column":4}},"14":{"start":{"line":30,"column":74},"end":{"line":34,"column":4}},"15":{"start":{"line":31,"column":23},"end":{"line":31,"column":70}},"16":{"start":{"line":32,"column":4},"end":{"line":33,"column":60}},"17":{"start":{"line":32,"column":14},"end":{"line":32,"column":62}},"18":{"start":{"line":33,"column":9},"end":{"line":33,"column":60}},"19":{"start":{"line":36,"column":9},"end":{"line":43,"column":4}},"20":{"start":{"line":36,"column":76},"end":{"line":43,"column":4}},"21":{"start":{"line":37,"column":4},"end":{"line":42,"column":null}},"22":{"start":{"line":38,"column":25},"end":{"line":38,"column":79}},"23":{"start":{"line":39,"column":6},"end":{"line":39,"column":54}},"24":{"start":{"line":41,"column":6},"end":{"line":41,"column":16}},"25":{"start":{"line":45,"column":9},"end":{"line":52,"column":4}},"26":{"start":{"line":45,"column":91},"end":{"line":52,"column":4}},"27":{"start":{"line":46,"column":4},"end":{"line":51,"column":null}},"28":{"start":{"line":47,"column":6},"end":{"line":47,"column":53}},"29":{"start":{"line":48,"column":6},"end":{"line":48,"column":58}},"30":{"start":{"line":50,"column":6},"end":{"line":50,"column":16}},"31":{"start":{"line":10,"column":4},"end":{"line":10,"column":20}},"32":{"start":{"line":7,"column":0},"end":{"line":7,"column":13}}},"fnMap":{"0":{"name":"(anonymous_7)","decl":{"start":{"line":9,"column":2},"end":{"line":9,"column":14}},"loc":{"start":{"line":9,"column":32},"end":{"line":11,"column":3}}},"1":{"name":"(anonymous_8)","decl":{"start":{"line":12,"column":18},"end":{"line":12,"column":25}},"loc":{"start":{"line":12,"column":91},"end":{"line":19,"column":4}}},"2":{"name":"(anonymous_9)","decl":{"start":{"line":12,"column":91},"end":{"line":12,"column":null}},"loc":{"start":{"line":12,"column":91},"end":{"line":19,"column":3}}},"3":{"name":"(anonymous_10)","decl":{"start":{"line":21,"column":16},"end":{"line":21,"column":23}},"loc":{"start":{"line":21,"column":89},"end":{"line":28,"column":4}}},"4":{"name":"(anonymous_11)","decl":{"start":{"line":21,"column":89},"end":{"line":21,"column":null}},"loc":{"start":{"line":21,"column":89},"end":{"line":28,"column":3}}},"5":{"name":"(anonymous_12)","decl":{"start":{"line":30,"column":16},"end":{"line":30,"column":23}},"loc":{"start":{"line":30,"column":74},"end":{"line":34,"column":4}}},"6":{"name":"(anonymous_13)","decl":{"start":{"line":30,"column":74},"end":{"line":30,"column":null}},"loc":{"start":{"line":30,"column":74},"end":{"line":34,"column":3}}},"7":{"name":"(anonymous_14)","decl":{"start":{"line":36,"column":18},"end":{"line":36,"column":25}},"loc":{"start":{"line":36,"column":76},"end":{"line":43,"column":4}}},"8":{"name":"(anonymous_15)","decl":{"start":{"line":36,"column":76},"end":{"line":36,"column":null}},"loc":{"start":{"line":36,"column":76},"end":{"line":43,"column":3}}},"9":{"name":"(anonymous_16)","decl":{"start":{"line":45,"column":18},"end":{"line":45,"column":25}},"loc":{"start":{"line":45,"column":91},"end":{"line":52,"column":4}}},"10":{"name":"(anonymous_17)","decl":{"start":{"line":45,"column":91},"end":{"line":45,"column":null}},"loc":{"start":{"line":45,"column":91},"end":{"line":52,"column":3}}}},"branchMap":{"0":{"loc":{"start":{"line":32,"column":4},"end":{"line":33,"column":60}},"type":"if","locations":[{"start":{"line":32,"column":4},"end":{"line":33,"column":60}},{"start":{"line":33,"column":9},"end":{"line":33,"column":60}}]}},"s":{"0":1,"1":1,"2":1,"3":1,"4":1,"5":1,"6":0,"7":1,"8":1,"9":1,"10":1,"11":1,"12":0,"13":1,"14":2,"15":2,"16":2,"17":1,"18":1,"19":1,"20":2,"21":2,"22":2,"23":1,"24":1,"25":1,"26":2,"27":2,"28":2,"29":1,"30":1,"31":1,"32":1},"f":{"0":1,"1":1,"2":1,"3":1,"4":1,"5":2,"6":2,"7":2,"8":2,"9":2,"10":2},"b":{"0":[1,1]}}
,"/Users/makassi/Documents/JS/note-taking-test-app/api-server/routes/noteRoutes.ts": {"path":"/Users/makassi/Documents/JS/note-taking-test-app/api-server/routes/noteRoutes.ts","statementMap":{"0":{"start":{"line":1,"column":0},"end":{"line":1,"column":30}},"1":{"start":{"line":2,"column":0},"end":{"line":2,"column":55}},"2":{"start":{"line":3,"column":0},"end":{"line":3,"column":39}},"3":{"start":{"line":5,"column":20},"end":{"line":5,"column":36}},"4":{"start":{"line":7,"column":24},"end":{"line":7,"column":65}},"5":{"start":{"line":9,"column":0},"end":{"line":9,"column":46}},"6":{"start":{"line":10,"column":0},"end":{"line":10,"column":43}},"7":{"start":{"line":11,"column":0},"end":{"line":11,"column":50}},"8":{"start":{"line":12,"column":0},"end":{"line":12,"column":54}},"9":{"start":{"line":13,"column":0},"end":{"line":13,"column":55}},"10":{"start":{"line":15,"column":0},"end":{"line":15,"column":27}}},"fnMap":{},"branchMap":{},"s":{"0":1,"1":1,"2":1,"3":1,"4":1,"5":1,"6":1,"7":1,"8":1,"9":1,"10":1},"f":{},"b":{}}
}
